d:\visual studio projects\graphicstutorials\debug\burnham.bsc
d:\visual studio projects\graphicstutorials\burnham\debug\vc120.pdb
d:\visual studio projects\graphicstutorials\burnham\debug\vc120.idb
d:\visual studio projects\graphicstutorials\burnham\debug\window.sbr
d:\visual studio projects\graphicstutorials\burnham\debug\timing.sbr
d:\visual studio projects\graphicstutorials\burnham\debug\texturecache.sbr
d:\visual studio projects\graphicstutorials\burnham\debug\spritebatch.sbr
d:\visual studio projects\graphicstutorials\burnham\debug\sprite.sbr
d:\visual studio projects\graphicstutorials\burnham\debug\resourcemanager.sbr
d:\visual studio projects\graphicstutorials\burnham\debug\picopng.sbr
d:\visual studio projects\graphicstutorials\burnham\debug\main.sbr
d:\visual studio projects\graphicstutorials\burnham\debug\iomanager.sbr
d:\visual studio projects\graphicstutorials\burnham\debug\inputmanager.sbr
d:\visual studio projects\graphicstutorials\burnham\debug\imageloader.sbr
d:\visual studio projects\graphicstutorials\burnham\debug\glslprogram.sbr
d:\visual studio projects\graphicstutorials\burnham\debug\errors.sbr
d:\visual studio projects\graphicstutorials\burnham\debug\camera2d.sbr
d:\visual studio projects\graphicstutorials\burnham\debug\bengine.sbr
d:\visual studio projects\graphicstutorials\burnham\debug\bengine.obj
d:\visual studio projects\graphicstutorials\burnham\debug\camera2d.obj
d:\visual studio projects\graphicstutorials\burnham\debug\errors.obj
d:\visual studio projects\graphicstutorials\burnham\debug\glslprogram.obj
d:\visual studio projects\graphicstutorials\burnham\debug\imageloader.obj
d:\visual studio projects\graphicstutorials\burnham\debug\inputmanager.obj
d:\visual studio projects\graphicstutorials\burnham\debug\iomanager.obj
d:\visual studio projects\graphicstutorials\burnham\debug\main.obj
d:\visual studio projects\graphicstutorials\burnham\debug\picopng.obj
d:\visual studio projects\graphicstutorials\burnham\debug\resourcemanager.obj
d:\visual studio projects\graphicstutorials\burnham\debug\sprite.obj
d:\visual studio projects\graphicstutorials\burnham\debug\spritebatch.obj
d:\visual studio projects\graphicstutorials\burnham\debug\texturecache.obj
d:\visual studio projects\graphicstutorials\burnham\debug\timing.obj
d:\visual studio projects\graphicstutorials\burnham\debug\window.obj
d:\visual studio projects\graphicstutorials\debug\burnham.lib
d:\visual studio projects\graphicstutorials\burnham\debug\burnham.tlog\bscmake.command.1.tlog
d:\visual studio projects\graphicstutorials\burnham\debug\burnham.tlog\bscmake.read.1.tlog
d:\visual studio projects\graphicstutorials\burnham\debug\burnham.tlog\bscmake.write.1.tlog
d:\visual studio projects\graphicstutorials\burnham\debug\burnham.tlog\cl.command.1.tlog
d:\visual studio projects\graphicstutorials\burnham\debug\burnham.tlog\cl.read.1.tlog
d:\visual studio projects\graphicstutorials\burnham\debug\burnham.tlog\cl.write.1.tlog
d:\visual studio projects\graphicstutorials\burnham\debug\burnham.tlog\lib-link.read.1.tlog
d:\visual studio projects\graphicstutorials\burnham\debug\burnham.tlog\lib-link.write.1.tlog
d:\visual studio projects\graphicstutorials\burnham\debug\burnham.tlog\lib.command.1.tlog
